#
# There is insufficient memory for the Java Runtime Environment to continue.
# Native memory allocation (malloc) failed to allocate 134176 bytes for Chunk::new
# Possible reasons:
#   The system is out of physical RAM or swap space
#   In 32 bit mode, the process size limit was hit
# Possible solutions:
#   Reduce memory load on the system
#   Increase physical memory or swap space
#   Check if swap backing store is full
#   Use 64 bit Java on a 64 bit OS
#   Decrease Java heap size (-Xmx/-Xms)
#   Decrease number of Java threads
#   Decrease Java thread stack sizes (-Xss)
#   Set larger code cache with -XX:ReservedCodeCacheSize=
# This output file may be truncated or incomplete.
#
#  Out of Memory Error (allocation.cpp:390), pid=12164, tid=4856
#
# JRE version: Java(TM) SE Runtime Environment (8.0_25-b18) (build 1.8.0_25-b18)
# Java VM: Java HotSpot(TM) 64-Bit Server VM (25.25-b02 mixed mode windows-amd64 compressed oops)
# Failed to write core dump. Minidumps are not enabled by default on client versions of Windows
#

---------------  T H R E A D  ---------------

Current thread (0x0000000016d03800):  JavaThread "C2 CompilerThread0" daemon [_thread_in_native, id=4856, stack(0x00000000172c0000,0x00000000173c0000)]

Stack: [0x00000000172c0000,0x00000000173c0000]
Native frames: (J=compiled Java code, j=interpreted, Vv=VM code, C=native code)
V  [jvm.dll+0x31667a]


Current CompileTask:
C2:   1477  915       4       com.android.dx.ssa.SsaMethod::deleteInsns (239 bytes)


---------------  P R O C E S S  ---------------

Java Threads: ( => current thread )
  0x0000000016d17800 JavaThread "Service Thread" daemon [_thread_blocked, id=5332, stack(0x00000000175c0000,0x00000000176c0000)]
  0x0000000016d14000 JavaThread "C1 CompilerThread2" daemon [_thread_blocked, id=10764, stack(0x00000000174c0000,0x00000000175c0000)]
  0x000000001596f800 JavaThread "C2 CompilerThread1" daemon [_thread_in_native, id=12276, stack(0x00000000173c0000,0x00000000174c0000)]
=>0x0000000016d03800 JavaThread "C2 CompilerThread0" daemon [_thread_in_native, id=4856, stack(0x00000000172c0000,0x00000000173c0000)]
  0x0000000016d02800 JavaThread "Attach Listener" daemon [_thread_blocked, id=6076, stack(0x00000000171c0000,0x00000000172c0000)]
  0x0000000015959000 JavaThread "Signal Dispatcher" daemon [_thread_blocked, id=9616, stack(0x00000000170c0000,0x00000000171c0000)]
  0x0000000003281800 JavaThread "Finalizer" daemon [_thread_blocked, id=11392, stack(0x0000000016bc0000,0x0000000016cc0000)]
  0x000000000327e000 JavaThread "Reference Handler" daemon [_thread_blocked, id=10832, stack(0x0000000016ac0000,0x0000000016bc0000)]
  0x000000000318e800 JavaThread "main" [_thread_in_Java, id=8804, stack(0x0000000003000000,0x0000000003100000)]

Other Threads:
  0x0000000015926000 VMThread [stack: 0x00000000169c0000,0x0000000016ac0000] [id=9816]
  0x0000000016d19800 WatcherThread [stack: 0x00000000176c0000,0x00000000177c0000] [id=8924]

VM state:not at safepoint (normal execution)

VM Mutex/Monitor currently owned by a thread: None

Heap:
 PSYoungGen      total 36352K, used 14651K [0x00000000eab00000, 0x00000000ed380000, 0x0000000100000000)
  eden space 31232K, 46% used [0x00000000eab00000,0x00000000eb94ec78,0x00000000ec980000)
  from space 5120K, 0% used [0x00000000ece80000,0x00000000ece80000,0x00000000ed380000)
  to   space 5120K, 0% used [0x00000000ec980000,0x00000000ec980000,0x00000000ece80000)
 ParOldGen       total 83456K, used 0K [0x00000000c0000000, 0x00000000c5180000, 0x00000000eab00000)
  object space 83456K, 0% used [0x00000000c0000000,0x00000000c0000000,0x00000000c5180000)
 Metaspace       used 5388K, capacity 6704K, committed 6784K, reserved 1056768K
  class space    used 542K, capacity 616K, committed 640K, reserved 1048576K

Card table byte_map: [0x0000000012650000,0x0000000012860000] byte_map_base: 0x0000000012050000

Marking Bits: (ParMarkBitMap*) 0x000000006985d490
 Begin Bits: [0x0000000012dc0000, 0x0000000013dc0000)
 End Bits:   [0x0000000013dc0000, 0x0000000014dc0000)

Polling page: 0x0000000001100000

CodeCache: size=245760Kb used=3804Kb max_used=3804Kb free=241955Kb
 bounds [0x0000000003290000, 0x0000000003650000, 0x0000000012290000]
 total_blobs=1177 nmethods=915 adapters=176
 compilation: enabled

Compilation events (10 events):
Event: 1.468 Thread 0x0000000016d03800  912  s    4       java.util.Vector::elementAt (48 bytes)
Event: 1.468 Thread 0x000000001596f800  913  s    4       java.util.Vector::add (39 bytes)
Event: 1.469 Thread 0x0000000016d14000  914       3       com.android.dx.dex.file.Section::validateAlignment (23 bytes)
Event: 1.469 Thread 0x0000000016d14000 nmethod 914 0x000000000363bc10 code [0x000000000363bd80, 0x000000000363bfc8]
Event: 1.470 Thread 0x0000000016d03800 nmethod 912 0x0000000003640d90 code [0x0000000003640ee0, 0x0000000003641158]
Event: 1.470 Thread 0x0000000016d03800  915       4       com.android.dx.ssa.SsaMethod::deleteInsns (239 bytes)
Event: 1.471 Thread 0x0000000016d14000  917       3       com.android.dx.ssa.SsaMethod::forEachBlockDepthFirst (194 bytes)
Event: 1.471 Thread 0x000000001596f800 nmethod 913 0x0000000003644850 code [0x00000000036449a0, 0x0000000003644d68]
Event: 1.471 Thread 0x000000001596f800  916       4       com.android.dx.ssa.NormalSsaInsn::mapSourceRegisters (48 bytes)
Event: 1.474 Thread 0x0000000016d14000 nmethod 917 0x0000000003647ed0 code [0x0000000003648360, 0x000000000364b748]

GC Heap History (0 events):
No events

Deoptimization events (0 events):
No events

Internal exceptions (2 events):
Event: 0.064 Thread 0x000000000318e800 Exception <a 'java/lang/NoSuchMethodError': Method sun.misc.Unsafe.defineClass(Ljava/lang/String;[BII)Ljava/lang/Class; name or signature does not match> (0x00000000eab12168) thrown at [D:\re\workspace\8-2-build-windows-amd64-cygwin\jdk8u25\1677\hotspot\srž-Eüj°?
Event: 0.064 Thread 0x000000000318e800 Exception <a 'java/lang/NoSuchMethodError': Method sun.misc.Unsafe.prefetchRead(Ljava/lang/Object;J)V name or signature does not match> (0x00000000eab123f8) thrown at [D:\re\workspace\8-2-build-windows-amd64-cygwin\jdk8u25\1677\hotspot\src\share\vm\prims\j

Events (10 events):
Event: 0.949 loading class java/util/TreeMap$EntryIterator
Event: 0.949 loading class java/util/TreeMap$EntryIterator done
Event: 1.105 loading class com/android/dx/cf/attrib/AttSignature
Event: 1.105 loading class com/android/dx/cf/attrib/AttSignature done
Event: 1.105 loading class com/android/dx/cf/attrib/AttEnclosingMethod
Event: 1.105 loading class com/android/dx/cf/attrib/AttEnclosingMethod done
Event: 1.278 Executing VM operation: ForceSafepoint
Event: 1.278 Executing VM operation: ForceSafepoint done
Event: 1.286 loading class java/util/ArrayList$1
Event: 1.286 loading class java/util/ArrayList$1 done


Dynamic libraries:
0x00007ff61aad0000 - 0x00007ff61ab04000 	C:\PROGRA~1\Java\JDK18~2.0_2\bin\java.exe
0x00007ffe717e0000 - 0x00007ffe7198c000 	C:\WINDOWS\SYSTEM32\ntdll.dll
0x00007ffe6f500000 - 0x00007ffe6f63a000 	C:\WINDOWS\system32\KERNEL32.DLL
0x00007ffe6ef50000 - 0x00007ffe6f05f000 	C:\WINDOWS\system32\KERNELBASE.dll
0x00007ffe6d6f0000 - 0x00007ffe6d778000 	C:\WINDOWS\system32\apphelp.dll
0x00007ffe591c0000 - 0x00007ffe5920f000 	C:\WINDOWS\AppPatch\AppPatch64\AcGenral.DLL
0x00007ffe6f6a0000 - 0x00007ffe6f747000 	C:\WINDOWS\system32\msvcrt.dll
0x00007ffe6e990000 - 0x00007ffe6e9bb000 	C:\WINDOWS\SYSTEM32\SspiCli.dll
0x00007ffe6f4a0000 - 0x00007ffe6f4f1000 	C:\WINDOWS\system32\SHLWAPI.dll
0x00007ffe6feb0000 - 0x00007ffe70021000 	C:\WINDOWS\system32\USER32.dll
0x00007ffe6f320000 - 0x00007ffe6f498000 	C:\WINDOWS\system32\ole32.dll
0x00007ffe70030000 - 0x00007ffe7143f000 	C:\WINDOWS\system32\SHELL32.dll
0x00007ffe6e150000 - 0x00007ffe6e16e000 	C:\WINDOWS\SYSTEM32\USERENV.dll
0x00007ffe6fa30000 - 0x00007ffe6fad5000 	C:\WINDOWS\system32\ADVAPI32.dll
0x00007ffe64630000 - 0x00007ffe6464b000 	C:\WINDOWS\SYSTEM32\MPR.dll
0x00007ffe6f750000 - 0x00007ffe6f887000 	C:\WINDOWS\system32\RPCRT4.dll
0x00007ffe71570000 - 0x00007ffe715c7000 	C:\WINDOWS\SYSTEM32\sechost.dll
0x00007ffe6fae0000 - 0x00007ffe6fcb6000 	C:\WINDOWS\SYSTEM32\combase.dll
0x00007ffe6f060000 - 0x00007ffe6f1a4000 	C:\WINDOWS\system32\GDI32.dll
0x00007ffe6eb50000 - 0x00007ffe6eb64000 	C:\WINDOWS\SYSTEM32\profapi.dll
0x00007ffe6d040000 - 0x00007ffe6d0df000 	C:\WINDOWS\SYSTEM32\SHCORE.dll
0x00007ffe6f640000 - 0x00007ffe6f674000 	C:\WINDOWS\system32\IMM32.DLL
0x00007ffe715d0000 - 0x00007ffe71709000 	C:\WINDOWS\system32\MSCTF.dll
0x00007ffe6eb00000 - 0x00007ffe6eb32000 	C:\Windows\system32\nvinitx.dll
0x0000000180000000 - 0x00000001800e7000 	C:\Program Files (x86)\MacType\MacType64.dll
0x00007ffe6ead0000 - 0x00007ffe6eaf1000 	C:\Program Files (x86)\MacType\EasyHK64.dll
0x00007ffe71440000 - 0x00007ffe71447000 	C:\WINDOWS\system32\PSAPI.DLL
0x00007ffe6cbf0000 - 0x00007ffe6ce4a000 	C:\WINDOWS\WinSxS\amd64_microsoft.windows.common-controls_6595b64144ccf1df_6.0.9600.17031_none_6242a4b3ecbb55a1\COMCTL32.dll
0x0000000068cb0000 - 0x0000000068d82000 	C:\PROGRA~1\Java\JDK18~2.0_2\jre\bin\msvcr100.dll
0x0000000069080000 - 0x00000000698da000 	C:\PROGRA~1\Java\JDK18~2.0_2\jre\bin\server\jvm.dll
0x00007ffe5e9b0000 - 0x00007ffe5e9b9000 	C:\WINDOWS\SYSTEM32\WSOCK32.dll
0x00007ffe6a0a0000 - 0x00007ffe6a0bf000 	C:\WINDOWS\SYSTEM32\WINMM.dll
0x0000000002a90000 - 0x0000000002ae8000 	C:\WINDOWS\system32\WS2_32.dll
0x00007ffe6a060000 - 0x00007ffe6a08a000 	C:\WINDOWS\SYSTEM32\WINMMBASE.dll
0x00007ffe6fcc0000 - 0x00007ffe6fcc9000 	C:\WINDOWS\system32\NSI.dll
0x00007ffe6ec20000 - 0x00007ffe6ec6a000 	C:\WINDOWS\SYSTEM32\cfgmgr32.dll
0x00007ffe6d970000 - 0x00007ffe6d996000 	C:\WINDOWS\SYSTEM32\DEVOBJ.dll
0x0000000069a90000 - 0x0000000069a9f000 	C:\PROGRA~1\Java\JDK18~2.0_2\jre\bin\verify.dll
0x0000000069a60000 - 0x0000000069a88000 	C:\PROGRA~1\Java\JDK18~2.0_2\jre\bin\java.dll
0x0000000069a40000 - 0x0000000069a56000 	C:\PROGRA~1\Java\JDK18~2.0_2\jre\bin\zip.dll

VM Arguments:
jvm_args: -Xmx1024M -Xss1m -Djava.ext.dirs=D:\Dev\Android-sdk\build-tools\21.1.1\lib 
java_command: D:\Dev\Android-sdk\build-tools\21.1.1\lib\dx.jar --dex --output D:\downloads\Parse-Starter-Project-1.8.3\ParseStarterProject\build\intermediates\pre-dexed\debug\classes-44a40f6d7019e72de70cfb16eddbefa0b4c1990a.jar D:\downloads\Parse-Starter-Project-1.8.3\ParseStarterProject\build\intermediates\exploded-aar\com.android.support\support-v4\21.0.3\classes.jar
java_class_path (initial): D:\Dev\Android-sdk\build-tools\21.1.1\lib\dx.jar
Launcher Type: SUN_STANDARD

Environment Variables:
JAVA_HOME=C:\Program Files\Java\jdk1.8.0_25
PATH=.;C:\Program Files (x86)\Novint\Falcon\HDAL\bin;C:\Program Files\Java\jdk1.8.0_25\bin;C:\Program Files\Java\jdk1.8.0_20; C:\Ruby21-x64\bin;C:\ProgramData\Oracle\Java\javapath;C:\Program Files (x86)\NVIDIA Corporation\PhysX\Common;C:\WINDOWS\system32;C:\WINDOWS;C:\WINDOWS\System32\Wbem;C:\WINDOWS\System32\WindowsPowerShell\v1.0\;C:\Program Files (x86)\MacType;C:\Program Files\Microsoft SQL Server\110\Tools\Binn\;C:\Python27\;C:\MinGW\bin;C:\Users\Wingus\AppData\Roaming\Microsoft\;C:\Ruby21-x64\bin;C:\Program Files (x86)\GtkSharp\2.12\bin;C:\Program Files\Microsoft SQL Server\120\Tools\Binn\;C:\Program Files (x86)\Windows Kits\8.1\Windows Performance Toolkit\;C:\Program Files (x86)\Microsoft SDKs\TypeScript\1.0\;C:\cocos2d-x-3.3\templates;C:\cocos2d-x-3.3\tools\cocos2d-console\bin;C:\Program Files\Java\jdk1.8.0_25\bin;C:\Program Files\Java\jdk1.8.0_20; C:\Ruby21-x64\bin;.;C:\Program Files (x86)\Novint\Falcon\HDAL\bin;C:\Program Files\Java\jdk1.8.0_25\bin;C:\Program Files\Java\jdk1.8.0_20; C:\Ruby21-x64\bin;C:\ProgramData\Oracle\Java\javapath;C:\Program Files (x86)\NVIDIA Corporation\PhysX\Common;C:\WINDOWS\system32;C:\WINDOWS;C:\WINDOWS\System32\Wbem;C:\WINDOWS\System32\WindowsPowerShell\v1.0\;C:\Program Files (x86)\MacType;C:\Program Files\Microsoft SQL Server\110\Tools\Binn\;C:\Python27\;C:\MinGW\bin;C:\Users\Wingus\AppData\Roaming\Microsoft\;C:\Ruby21-x64\bin;C:\Program Files (x86)\GtkSharp\2.12\bin;C:\Program Files\Microsoft SQL Server\120\Tools\Binn\;C:\Program Files (x86)\Windows Kits\8.1\Windows Performance Toolkit\;C:\Program Files (x86)\Microsoft SDKs\TypeScript\1.0\;C:\MinGW\bin;C:\Users\Wingus\AppData\Roaming\Microsoft\;C:\Ruby21-x64\bin;c:\Users\Wingus\AppData\Local\atom\bin;C:\H3D\bin64;C:\H3D\External\bin64;.;;.;
USERNAME=willowcheng
OS=Windows_NT
PROCESSOR_IDENTIFIER=Intel64 Family 6 Model 58 Stepping 9, GenuineIntel



---------------  S Y S T E M  ---------------

OS: Windows 8.1 , 64 bit Build 9600 

CPU:total 4 (2 cores per cpu, 2 threads per core) family 6 model 58 stepping 9, cmov, cx8, fxsr, mmx, sse, sse2, sse3, ssse3, sse4.1, sse4.2, popcnt, avx, aes, clmul, erms, ht, tsc, tscinvbit, tscinv

Memory: 4k page, physical 7913704k(975944k free), swap 11059432k(4952k free)

vm_info: Java HotSpot(TM) 64-Bit Server VM (25.25-b02) for windows-amd64 JRE (1.8.0_25-b18), built on Oct  7 2014 14:25:37 by "java_re" with MS VC++ 10.0 (VS2010)

time: Tue Mar 10 14:40:24 2015
elapsed time: 1 seconds (0d 0h 0m 1s)

