#
# There is insufficient memory for the Java Runtime Environment to continue.
# Native memory allocation (malloc) failed to allocate 265456 bytes for Chunk::new
# Possible reasons:
#   The system is out of physical RAM or swap space
#   In 32 bit mode, the process size limit was hit
# Possible solutions:
#   Reduce memory load on the system
#   Increase physical memory or swap space
#   Check if swap backing store is full
#   Use 64 bit Java on a 64 bit OS
#   Decrease Java heap size (-Xmx/-Xms)
#   Decrease number of Java threads
#   Decrease Java thread stack sizes (-Xss)
#   Set larger code cache with -XX:ReservedCodeCacheSize=
# This output file may be truncated or incomplete.
#
#  Out of Memory Error (allocation.cpp:390), pid=11960, tid=11940
#
# JRE version: Java(TM) SE Runtime Environment (8.0_25-b18) (build 1.8.0_25-b18)
# Java VM: Java HotSpot(TM) 64-Bit Server VM (25.25-b02 mixed mode windows-amd64 compressed oops)
# Failed to write core dump. Minidumps are not enabled by default on client versions of Windows
#

---------------  T H R E A D  ---------------

Current thread (0x00000000151e0000):  JavaThread "C2 CompilerThread1" daemon [_thread_in_native, id=11940, stack(0x0000000016c30000,0x0000000016d30000)]

Stack: [0x0000000016c30000,0x0000000016d30000]
Native frames: (J=compiled Java code, j=interpreted, Vv=VM code, C=native code)
V  [jvm.dll+0x31667a]


Current CompileTask:
C2:   8571 1787 %     4       com.android.dx.ssa.back.IdenticalBlockCombiner::process @ 25 (323 bytes)


---------------  P R O C E S S  ---------------

Java Threads: ( => current thread )
  0x000000001658b800 JavaThread "Service Thread" daemon [_thread_blocked, id=6056, stack(0x0000000016e30000,0x0000000016f30000)]
  0x0000000016584000 JavaThread "C1 CompilerThread2" daemon [_thread_blocked, id=1436, stack(0x0000000016d30000,0x0000000016e30000)]
=>0x00000000151e0000 JavaThread "C2 CompilerThread1" daemon [_thread_in_native, id=11940, stack(0x0000000016c30000,0x0000000016d30000)]
  0x0000000016573800 JavaThread "C2 CompilerThread0" daemon [_thread_blocked, id=12208, stack(0x0000000016b30000,0x0000000016c30000)]
  0x0000000016572800 JavaThread "Attach Listener" daemon [_thread_blocked, id=3264, stack(0x0000000016a30000,0x0000000016b30000)]
  0x00000000151c9000 JavaThread "Signal Dispatcher" daemon [_thread_blocked, id=12136, stack(0x0000000016930000,0x0000000016a30000)]
  0x0000000002af1800 JavaThread "Finalizer" daemon [_thread_blocked, id=6000, stack(0x0000000016430000,0x0000000016530000)]
  0x0000000002aee000 JavaThread "Reference Handler" daemon [_thread_blocked, id=10804, stack(0x0000000016330000,0x0000000016430000)]
  0x000000000241e800 JavaThread "main" [_thread_in_Java, id=11916, stack(0x0000000002900000,0x0000000002a00000)]

Other Threads:
  0x0000000015196000 VMThread [stack: 0x0000000016230000,0x0000000016330000] [id=9956]
  0x000000001658e000 WatcherThread [stack: 0x0000000016f30000,0x0000000017030000] [id=10560]

VM state:not at safepoint (normal execution)

VM Mutex/Monitor currently owned by a thread: None

Heap:
 PSYoungGen      total 151552K, used 34291K [0x00000000eab00000, 0x00000000fe900000, 0x0000000100000000)
  eden space 114688K, 29% used [0x00000000eab00000,0x00000000ecc7cc80,0x00000000f1b00000)
  from space 36864K, 0% used [0x00000000f1b00000,0x00000000f1b00000,0x00000000f3f00000)
  to   space 58880K, 0% used [0x00000000faf80000,0x00000000faf80000,0x00000000fe900000)
 ParOldGen       total 150528K, used 62017K [0x00000000c0000000, 0x00000000c9300000, 0x00000000eab00000)
  object space 150528K, 41% used [0x00000000c0000000,0x00000000c3c90548,0x00000000c9300000)
 Metaspace       used 5666K, capacity 6960K, committed 7040K, reserved 1056768K
  class space    used 547K, capacity 616K, committed 640K, reserved 1048576K

Card table byte_map: [0x0000000011ec0000,0x00000000120d0000] byte_map_base: 0x00000000118c0000

Marking Bits: (ParMarkBitMap*) 0x000000006985d490
 Begin Bits: [0x0000000012630000, 0x0000000013630000)
 End Bits:   [0x0000000013630000, 0x0000000014630000)

Polling page: 0x0000000000a20000

CodeCache: size=245760Kb used=8258Kb max_used=8267Kb free=237502Kb
 bounds [0x0000000002b00000, 0x0000000003320000, 0x0000000011b00000]
 total_blobs=2003 nmethods=1740 adapters=176
 compilation: enabled

Compilation events (10 events):
Event: 8.346 Thread 0x0000000016584000 1783       3       com.android.dx.ssa.back.FirstFitLocalCombiningAllocator::handleCheckCastResults (413 bytes)
Event: 8.348 Thread 0x00000000151e0000 nmethod 1773 0x000000000330f450 code [0x000000000330f820, 0x0000000003312c78]
Event: 8.351 Thread 0x0000000016584000 nmethod 1783 0x0000000003318110 code [0x00000000033186c0, 0x000000000331c3d8]
Event: 8.402 Thread 0x0000000016573800 1784       4       com.android.dx.ssa.back.FirstFitLocalCombiningAllocator::getAlignment (32 bytes)
Event: 8.403 Thread 0x0000000016573800 nmethod 1784 0x00000000031f0050 code [0x00000000031f01a0, 0x00000000031f0248]
Event: 8.413 Thread 0x00000000151e0000 1785       4       com.android.dx.ssa.SsaMethod::mapRegisters (87 bytes)
Event: 8.446 Thread 0x00000000151e0000 nmethod 1785 0x00000000032fb650 code [0x00000000032fb860, 0x00000000032fc7e0]
Event: 8.477 Thread 0x0000000016573800 1786 %     4       com.android.dx.ssa.SsaMethod::forEachBlockDepthFirst @ 129 (194 bytes)
Event: 8.542 Thread 0x0000000016573800 

Event: 8.558 Thread 0x00000000151e0000 1787 %     4       com.android.dx.ssa.back.IdenticalBlockCombiner::process @ 25 (323 bytes)

GC Heap History (10 events):
Event: 5.871 GC heap before
{Heap before GC invocations=5 (full 0):
 PSYoungGen      total 67584K, used 67566K [0x00000000eab00000, 0x00000000ef200000, 0x0000000100000000)
  eden space 62464K, 100% used [0x00000000eab00000,0x00000000ee800000,0x00000000ee800000)
  from space 5120K, 99% used [0x00000000eed00000,0x00000000ef1fba98,0x00000000ef200000)
  to   space 5120K, 0% used [0x00000000ee800000,0x00000000ee800000,0x00000000eed00000)
 ParOldGen       total 83456K, used 45676K [0x00000000c0000000, 0x00000000c5180000, 0x00000000eab00000)
  object space 83456K, 54% used [0x00000000c0000000,0x00000000c2c9b360,0x00000000c5180000)
 Metaspace       used 5538K, capacity 6832K, committed 7040K, reserved 1056768K
  class space    used 545K, capacity 616K, committed 640K, reserved 1048576K
Event: 5.959 GC heap after
Heap after GC invocations=5 (full 0):
 PSYoungGen      total 67584K, used 5096K [0x00000000eab00000, 0x00000000f7300000, 0x0000000100000000)
  eden space 62464K, 0% used [0x00000000eab00000,0x00000000eab00000,0x00000000ee800000)
  from space 5120K, 99% used [0x00000000ee800000,0x00000000eecfa230,0x00000000eed00000)
  to   space 39936K, 0% used [0x00000000f4c00000,0x00000000f4c00000,0x00000000f7300000)
 ParOldGen       total 83456K, used 76709K [0x00000000c0000000, 0x00000000c5180000, 0x00000000eab00000)
  object space 83456K, 91% used [0x00000000c0000000,0x00000000c4ae97a0,0x00000000c5180000)
 Metaspace       used 5538K, capacity 6832K, committed 7040K, reserved 1056768K
  class space    used 545K, capacity 616K, committed 640K, reserved 1048576K
}
Event: 5.959 GC heap before
{Heap before GC invocations=6 (full 1):
 PSYoungGen      total 67584K, used 5096K [0x00000000eab00000, 0x00000000f7300000, 0x0000000100000000)
  eden space 62464K, 0% used [0x00000000eab00000,0x00000000eab00000,0x00000000ee800000)
  from space 5120K, 99% used [0x00000000ee800000,0x00000000eecfa230,0x00000000eed00000)
  to   space 39936K, 0% used [0x00000000f4c00000,0x00000000f4c00000,0x00000000f7300000)
 ParOldGen       total 83456K, used 76709K [0x00000000c0000000, 0x00000000c5180000, 0x00000000eab00000)
  object space 83456K, 91% used [0x00000000c0000000,0x00000000c4ae97a0,0x00000000c5180000)
 Metaspace       used 5538K, capacity 6832K, committed 7040K, reserved 1056768K
  class space    used 545K, capacity 616K, committed 640K, reserved 1048576K
Event: 6.118 GC heap after
Heap after GC invocations=6 (full 1):
 PSYoungGen      total 67584K, used 0K [0x00000000eab00000, 0x00000000f7300000, 0x0000000100000000)
  eden space 62464K, 0% used [0x00000000eab00000,0x00000000eab00000,0x00000000ee800000)
  from space 5120K, 0% used [0x00000000ee800000,0x00000000ee800000,0x00000000eed00000)
  to   space 39936K, 0% used [0x00000000f4c00000,0x00000000f4c00000,0x00000000f7300000)
 ParOldGen       total 105984K, used 35619K [0x00000000c0000000, 0x00000000c6780000, 0x00000000eab00000)
  object space 105984K, 33% used [0x00000000c0000000,0x00000000c22c8c48,0x00000000c6780000)
 Metaspace       used 5538K, capacity 6832K, committed 7040K, reserved 1056768K
  class space    used 545K, capacity 616K, committed 640K, reserved 1048576K
}
Event: 6.480 GC heap before
{Heap before GC invocations=7 (full 1):
 PSYoungGen      total 67584K, used 62464K [0x00000000eab00000, 0x00000000f7300000, 0x0000000100000000)
  eden space 62464K, 100% used [0x00000000eab00000,0x00000000ee800000,0x00000000ee800000)
  from space 5120K, 0% used [0x00000000ee800000,0x00000000ee800000,0x00000000eed00000)
  to   space 39936K, 0% used [0x00000000f4c00000,0x00000000f4c00000,0x00000000f7300000)
 ParOldGen       total 105984K, used 35619K [0x00000000c0000000, 0x00000000c6780000, 0x00000000eab00000)
  object space 105984K, 33% used [0x00000000c0000000,0x00000000c22c8c48,0x00000000c6780000)
 Metaspace       used 5544K, capacity 6832K, committed 7040K, reserved 1056768K
  class space    used 545K, capacity 616K, committed 640K, reserved 1048576K
Event: 6.509 GC heap after
Heap after GC invocations=7 (full 1):
 PSYoungGen      total 138240K, used 20462K [0x00000000eab00000, 0x00000000f6300000, 0x0000000100000000)
  eden space 114688K, 0% used [0x00000000eab00000,0x00000000eab00000,0x00000000f1b00000)
  from space 23552K, 86% used [0x00000000f4c00000,0x00000000f5ffb960,0x00000000f6300000)
  to   space 36864K, 0% used [0x00000000f1b00000,0x00000000f1b00000,0x00000000f3f00000)
 ParOldGen       total 105984K, used 35619K [0x00000000c0000000, 0x00000000c6780000, 0x00000000eab00000)
  object space 105984K, 33% used [0x00000000c0000000,0x00000000c22c8c48,0x00000000c6780000)
 Metaspace       used 5544K, capacity 6832K, committed 7040K, reserved 1056768K
  class space    used 545K, capacity 616K, committed 640K, reserved 1048576K
}
Event: 7.680 GC heap before
{Heap before GC invocations=8 (full 1):
 PSYoungGen      total 138240K, used 135150K [0x00000000eab00000, 0x00000000f6300000, 0x0000000100000000)
  eden space 114688K, 100% used [0x00000000eab00000,0x00000000f1b00000,0x00000000f1b00000)
  from space 23552K, 86% used [0x00000000f4c00000,0x00000000f5ffb960,0x00000000f6300000)
  to   space 36864K, 0% used [0x00000000f1b00000,0x00000000f1b00000,0x00000000f3f00000)
 ParOldGen       total 105984K, used 35619K [0x00000000c0000000, 0x00000000c6780000, 0x00000000eab00000)
  object space 105984K, 33% used [0x00000000c0000000,0x00000000c22c8c48,0x00000000c6780000)
 Metaspace       used 5655K, capacity 6960K, committed 7040K, reserved 1056768K
  class space    used 547K, capacity 616K, committed 640K, reserved 1048576K
Event: 7.753 GC heap after
Heap after GC invocations=8 (full 1):
 PSYoungGen      total 151552K, used 36840K [0x00000000eab00000, 0x00000000fe900000, 0x0000000100000000)
  eden space 114688K, 0% used [0x00000000eab00000,0x00000000eab00000,0x00000000f1b00000)
  from space 36864K, 99% used [0x00000000f1b00000,0x00000000f3efa0f8,0x00000000f3f00000)
  to   space 58880K, 0% used [0x00000000faf80000,0x00000000faf80000,0x00000000fe900000)
 ParOldGen       total 105984K, used 67884K [0x00000000c0000000, 0x00000000c6780000, 0x00000000eab00000)
  object space 105984K, 64% used [0x00000000c0000000,0x00000000c424b228,0x00000000c6780000)
 Metaspace       used 5655K, capacity 6960K, committed 7040K, reserved 1056768K
  class space    used 547K, capacity 616K, committed 640K, reserved 1048576K
}
Event: 7.753 GC heap before
{Heap before GC invocations=9 (full 2):
 PSYoungGen      total 151552K, used 36840K [0x00000000eab00000, 0x00000000fe900000, 0x0000000100000000)
  eden space 114688K, 0% used [0x00000000eab00000,0x00000000eab00000,0x00000000f1b00000)
  from space 36864K, 99% used [0x00000000f1b00000,0x00000000f3efa0f8,0x00000000f3f00000)
  to   space 58880K, 0% used [0x00000000faf80000,0x00000000faf80000,0x00000000fe900000)
 ParOldGen       total 105984K, used 67884K [0x00000000c0000000, 0x00000000c6780000, 0x00000000eab00000)
  object space 105984K, 64% used [0x00000000c0000000,0x00000000c424b228,0x00000000c6780000)
 Metaspace       used 5655K, capacity 6960K, committed 7040K, reserved 1056768K
  class space    used 547K, capacity 616K, committed 640K, reserved 1048576K
Event: 7.940 GC heap after
Heap after GC invocations=9 (full 2):
 PSYoungGen      total 151552K, used 0K [0x00000000eab00000, 0x00000000fe900000, 0x0000000100000000)
  eden space 114688K, 0% used [0x00000000eab00000,0x00000000eab00000,0x00000000f1b00000)
  from space 36864K, 0% used [0x00000000f1b00000,0x00000000f1b00000,0x00000000f3f00000)
  to   space 58880K, 0% used [0x00000000faf80000,0x00000000faf80000,0x00000000fe900000)
 ParOldGen       total 150528K, used 62017K [0x00000000c0000000, 0x00000000c9300000, 0x00000000eab00000)
  object space 150528K, 41% used [0x00000000c0000000,0x00000000c3c90548,0x00000000c9300000)
 Metaspace       used 5655K, capacity 6960K, committed 7040K, reserved 1056768K
  class space    used 547K, capacity 616K, committed 640K, reserved 1048576K
}

Deoptimization events (10 events):
Event: 6.829 Thread 0x000000000241e800 Uncommon trap: reason=class_check action=maybe_recompile pc=0x00000000030cc984 method=com.android.dx.ssa.NormalSsaInsn.accept(Lcom/android/dx/ssa/SsaInsn$Visitor;)V @ 9
Event: 6.830 Thread 0x000000000241e800 Uncommon trap: reason=class_check action=maybe_recompile pc=0x00000000030cc984 method=com.android.dx.ssa.NormalSsaInsn.accept(Lcom/android/dx/ssa/SsaInsn$Visitor;)V @ 9
Event: 6.831 Thread 0x000000000241e800 Uncommon trap: reason=class_check action=maybe_recompile pc=0x00000000030cc984 method=com.android.dx.ssa.NormalSsaInsn.accept(Lcom/android/dx/ssa/SsaInsn$Visitor;)V @ 9
Event: 6.842 Thread 0x000000000241e800 Uncommon trap: reason=unreached action=reinterpret pc=0x000000000310daf8 method=com.android.dx.cf.code.Ropper.processBlock(Lcom/android/dx/cf/code/ByteBlock;Lcom/android/dx/cf/code/Frame;[I)V @ 963
Event: 6.915 Thread 0x000000000241e800 Uncommon trap: reason=bimorphic action=maybe_recompile pc=0x0000000003146144 method=com.android.dx.cf.code.BytecodeArray.parseInstruction(ILcom/android/dx/cf/code/BytecodeArray$Visitor;)I @ 1501
Event: 6.915 Thread 0x000000000241e800 Uncommon trap: reason=bimorphic action=maybe_recompile pc=0x0000000003146144 method=com.android.dx.cf.code.BytecodeArray.parseInstruction(ILcom/android/dx/cf/code/BytecodeArray$Visitor;)I @ 1501
Event: 6.924 Thread 0x000000000241e800 Uncommon trap: reason=bimorphic action=maybe_recompile pc=0x0000000003146ec0 method=com.android.dx.cf.code.BytecodeArray.parseInstruction(ILcom/android/dx/cf/code/BytecodeArray$Visitor;)I @ 1357
Event: 6.925 Thread 0x000000000241e800 Uncommon trap: reason=bimorphic action=maybe_recompile pc=0x0000000003146ec0 method=com.android.dx.cf.code.BytecodeArray.parseInstruction(ILcom/android/dx/cf/code/BytecodeArray$Visitor;)I @ 1357
Event: 6.937 Thread 0x000000000241e800 Uncommon trap: reason=class_check action=maybe_recompile pc=0x000000000317d890 method=com.android.dx.ssa.SCCP.simulateMath(Lcom/android/dx/ssa/SsaInsn;I)Lcom/android/dx/rop/cst/Constant; @ 67
Event: 6.937 Thread 0x000000000241e800 Uncommon trap: reason=class_check action=maybe_recompile pc=0x000000000317d890 method=com.android.dx.ssa.SCCP.simulateMath(Lcom/android/dx/ssa/SsaInsn;I)Lcom/android/dx/rop/cst/Constant; @ 67

Internal exceptions (4 events):
Event: 0.102 Thread 0x000000000241e800 Exception <a 'java/lang/NoSuchMethodError': Method sun.misc.Unsafe.defineClass(Ljava/lang/String;[BII)Ljava/lang/Class; name or signature does not match> (0x00000000eab12168) thrown at [D:\re\workspace\8-2-build-windows-amd64-cygwin\jdk8u25\1677\hotspot\srˆ]ÃLÇº?
Event: 0.102 Thread 0x000000000241e800 Exception <a 'java/lang/NoSuchMethodError': Method sun.misc.Unsafe.prefetchRead(Ljava/lang/Object;J)V name or signature does not match> (0x00000000eab123f8) thrown at [D:\re\workspace\8-2-build-windows-amd64-cygwin\jdk8u25\1677\hotspot\src\share\vm\prims\j#hÞøÉ@
Event: 4.696 Thread 0x000000000241e800 Implicit null exception at 0x0000000002e854b5 to 0x0000000002e86339
Event: 4.697 Thread 0x000000000241e800 Implicit null exception at 0x0000000002f5fa55 to 0x0000000002f60839

Events (10 events):
Event: 7.624 Thread 0x000000000241e800 DEOPT PACKING pc=0x000000000316ac1e sp=0x00000000029fe340
Event: 7.624 Thread 0x000000000241e800 DEOPT UNPACKING pc=0x0000000002b475bf sp=0x00000000029fe180 mode 0
Event: 7.671 Thread 0x000000000241e800 DEOPT PACKING pc=0x00000000030eba9d sp=0x00000000029fe640
Event: 7.671 Thread 0x000000000241e800 DEOPT UNPACKING pc=0x0000000002b475bf sp=0x00000000029fe488 mode 0
Event: 7.680 Executing VM operation: ParallelGCFailedAllocation
Event: 7.940 Executing VM operation: ParallelGCFailedAllocation done
Event: 8.415 Thread 0x000000000241e800 DEOPT PACKING pc=0x000000000306c7ec sp=0x00000000029fe700
Event: 8.415 Thread 0x000000000241e800 DEOPT UNPACKING pc=0x0000000002b475bf sp=0x00000000029fe490 mode 0
Event: 8.447 Thread 0x000000000241e800 DEOPT PACKING pc=0x000000000306c7ec sp=0x00000000029fe680
Event: 8.447 Thread 0x000000000241e800 DEOPT UNPACKING pc=0x0000000002b475bf sp=0x00000000029fe410 mode 0


Dynamic libraries:
0x00007ff61aad0000 - 0x00007ff61ab04000 	C:\PROGRA~1\Java\JDK18~2.0_2\bin\java.exe
0x00007ffe717e0000 - 0x00007ffe7198c000 	C:\WINDOWS\SYSTEM32\ntdll.dll
0x00007ffe6f500000 - 0x00007ffe6f63a000 	C:\WINDOWS\system32\KERNEL32.DLL
0x00007ffe6ef50000 - 0x00007ffe6f05f000 	C:\WINDOWS\system32\KERNELBASE.dll
0x00007ffe6d6f0000 - 0x00007ffe6d778000 	C:\WINDOWS\system32\apphelp.dll
0x00007ffe591c0000 - 0x00007ffe5920f000 	C:\WINDOWS\AppPatch\AppPatch64\AcGenral.DLL
0x00007ffe6f6a0000 - 0x00007ffe6f747000 	C:\WINDOWS\system32\msvcrt.dll
0x00007ffe6e990000 - 0x00007ffe6e9bb000 	C:\WINDOWS\SYSTEM32\SspiCli.dll
0x00007ffe6f4a0000 - 0x00007ffe6f4f1000 	C:\WINDOWS\system32\SHLWAPI.dll
0x00007ffe6feb0000 - 0x00007ffe70021000 	C:\WINDOWS\system32\USER32.dll
0x00007ffe6f320000 - 0x00007ffe6f498000 	C:\WINDOWS\system32\ole32.dll
0x00007ffe70030000 - 0x00007ffe7143f000 	C:\WINDOWS\system32\SHELL32.dll
0x00007ffe6e150000 - 0x00007ffe6e16e000 	C:\WINDOWS\SYSTEM32\USERENV.dll
0x00007ffe6fa30000 - 0x00007ffe6fad5000 	C:\WINDOWS\system32\ADVAPI32.dll
0x00007ffe64630000 - 0x00007ffe6464b000 	C:\WINDOWS\SYSTEM32\MPR.dll
0x00007ffe6f750000 - 0x00007ffe6f887000 	C:\WINDOWS\system32\RPCRT4.dll
0x00007ffe71570000 - 0x00007ffe715c7000 	C:\WINDOWS\SYSTEM32\sechost.dll
0x00007ffe6fae0000 - 0x00007ffe6fcb6000 	C:\WINDOWS\SYSTEM32\combase.dll
0x00007ffe6f060000 - 0x00007ffe6f1a4000 	C:\WINDOWS\system32\GDI32.dll
0x00007ffe6eb50000 - 0x00007ffe6eb64000 	C:\WINDOWS\SYSTEM32\profapi.dll
0x00007ffe6d040000 - 0x00007ffe6d0df000 	C:\WINDOWS\SYSTEM32\SHCORE.dll
0x00007ffe6f640000 - 0x00007ffe6f674000 	C:\WINDOWS\system32\IMM32.DLL
0x00007ffe715d0000 - 0x00007ffe71709000 	C:\WINDOWS\system32\MSCTF.dll
0x00007ffe6eb00000 - 0x00007ffe6eb32000 	C:\Windows\system32\nvinitx.dll
0x0000000180000000 - 0x00000001800e7000 	C:\Program Files (x86)\MacType\MacType64.dll
0x00007ffe6ead0000 - 0x00007ffe6eaf1000 	C:\Program Files (x86)\MacType\EasyHK64.dll
0x00007ffe71440000 - 0x00007ffe71447000 	C:\WINDOWS\system32\PSAPI.DLL
0x00007ffe6cbf0000 - 0x00007ffe6ce4a000 	C:\WINDOWS\WinSxS\amd64_microsoft.windows.common-controls_6595b64144ccf1df_6.0.9600.17031_none_6242a4b3ecbb55a1\COMCTL32.dll
0x0000000068cb0000 - 0x0000000068d82000 	C:\PROGRA~1\Java\JDK18~2.0_2\jre\bin\msvcr100.dll
0x0000000069080000 - 0x00000000698da000 	C:\PROGRA~1\Java\JDK18~2.0_2\jre\bin\server\jvm.dll
0x00007ffe5e9b0000 - 0x00007ffe5e9b9000 	C:\WINDOWS\SYSTEM32\WSOCK32.dll
0x00007ffe6a0a0000 - 0x00007ffe6a0bf000 	C:\WINDOWS\SYSTEM32\WINMM.dll
0x00000000023a0000 - 0x00000000023f8000 	C:\WINDOWS\system32\WS2_32.dll
0x00007ffe6a060000 - 0x00007ffe6a08a000 	C:\WINDOWS\SYSTEM32\WINMMBASE.dll
0x00007ffe6fcc0000 - 0x00007ffe6fcc9000 	C:\WINDOWS\system32\NSI.dll
0x00007ffe6ec20000 - 0x00007ffe6ec6a000 	C:\WINDOWS\SYSTEM32\cfgmgr32.dll
0x00007ffe6d970000 - 0x00007ffe6d996000 	C:\WINDOWS\SYSTEM32\DEVOBJ.dll
0x0000000069a90000 - 0x0000000069a9f000 	C:\PROGRA~1\Java\JDK18~2.0_2\jre\bin\verify.dll
0x0000000069a60000 - 0x0000000069a88000 	C:\PROGRA~1\Java\JDK18~2.0_2\jre\bin\java.dll
0x0000000069a40000 - 0x0000000069a56000 	C:\PROGRA~1\Java\JDK18~2.0_2\jre\bin\zip.dll

VM Arguments:
jvm_args: -Xmx1024M -Xss1m -Djava.ext.dirs=D:\Dev\Android-sdk\build-tools\21.1.1\lib 
java_command: D:\Dev\Android-sdk\build-tools\21.1.1\lib\dx.jar --dex --output D:\downloads\Parse-Starter-Project-1.8.3\ParseStarterProject\build\intermediates\pre-dexed\debug\classes-8daf63b3da68d9c37bd7c14839d9322bf772c8f7.jar D:\downloads\Parse-Starter-Project-1.8.3\ParseStarterProject\build\intermediates\exploded-aar\com.google.android.gms\play-services\6.5.87\classes.jar
java_class_path (initial): D:\Dev\Android-sdk\build-tools\21.1.1\lib\dx.jar
Launcher Type: SUN_STANDARD

Environment Variables:
JAVA_HOME=C:\Program Files\Java\jdk1.8.0_25
PATH=.;C:\Program Files (x86)\Novint\Falcon\HDAL\bin;C:\Program Files\Java\jdk1.8.0_25\bin;C:\Program Files\Java\jdk1.8.0_20; C:\Ruby21-x64\bin;C:\ProgramData\Oracle\Java\javapath;C:\Program Files (x86)\NVIDIA Corporation\PhysX\Common;C:\WINDOWS\system32;C:\WINDOWS;C:\WINDOWS\System32\Wbem;C:\WINDOWS\System32\WindowsPowerShell\v1.0\;C:\Program Files (x86)\MacType;C:\Program Files\Microsoft SQL Server\110\Tools\Binn\;C:\Python27\;C:\MinGW\bin;C:\Users\Wingus\AppData\Roaming\Microsoft\;C:\Ruby21-x64\bin;C:\Program Files (x86)\GtkSharp\2.12\bin;C:\Program Files\Microsoft SQL Server\120\Tools\Binn\;C:\Program Files (x86)\Windows Kits\8.1\Windows Performance Toolkit\;C:\Program Files (x86)\Microsoft SDKs\TypeScript\1.0\;C:\cocos2d-x-3.3\templates;C:\cocos2d-x-3.3\tools\cocos2d-console\bin;C:\Program Files\Java\jdk1.8.0_25\bin;C:\Program Files\Java\jdk1.8.0_20; C:\Ruby21-x64\bin;.;C:\Program Files (x86)\Novint\Falcon\HDAL\bin;C:\Program Files\Java\jdk1.8.0_25\bin;C:\Program Files\Java\jdk1.8.0_20; C:\Ruby21-x64\bin;C:\ProgramData\Oracle\Java\javapath;C:\Program Files (x86)\NVIDIA Corporation\PhysX\Common;C:\WINDOWS\system32;C:\WINDOWS;C:\WINDOWS\System32\Wbem;C:\WINDOWS\System32\WindowsPowerShell\v1.0\;C:\Program Files (x86)\MacType;C:\Program Files\Microsoft SQL Server\110\Tools\Binn\;C:\Python27\;C:\MinGW\bin;C:\Users\Wingus\AppData\Roaming\Microsoft\;C:\Ruby21-x64\bin;C:\Program Files (x86)\GtkSharp\2.12\bin;C:\Program Files\Microsoft SQL Server\120\Tools\Binn\;C:\Program Files (x86)\Windows Kits\8.1\Windows Performance Toolkit\;C:\Program Files (x86)\Microsoft SDKs\TypeScript\1.0\;C:\MinGW\bin;C:\Users\Wingus\AppData\Roaming\Microsoft\;C:\Ruby21-x64\bin;c:\Users\Wingus\AppData\Local\atom\bin;C:\H3D\bin64;C:\H3D\External\bin64;.;;.;
USERNAME=willowcheng
OS=Windows_NT
PROCESSOR_IDENTIFIER=Intel64 Family 6 Model 58 Stepping 9, GenuineIntel



---------------  S Y S T E M  ---------------

OS: Windows 8.1 , 64 bit Build 9600 

CPU:total 4 (2 cores per cpu, 2 threads per core) family 6 model 58 stepping 9, cmov, cx8, fxsr, mmx, sse, sse2, sse3, ssse3, sse4.1, sse4.2, popcnt, avx, aes, clmul, erms, ht, tsc, tscinvbit, tscinv

Memory: 4k page, physical 7913704k(974928k free), swap 11059432k(4760k free)

vm_info: Java HotSpot(TM) 64-Bit Server VM (25.25-b02) for windows-amd64 JRE (1.8.0_25-b18), built on Oct  7 2014 14:25:37 by "java_re" with MS VC++ 10.0 (VS2010)

time: Tue Mar 10 14:40:24 2015
elapsed time: 8 seconds (0d 0h 0m 8s)

